<?xml version="1.0" encoding="UTF-8"?>
<testsuite xmlns:xsi="http://www.w3.org/2001/XMLSchema-instance" xsi:noNamespaceSchemaLocation="https://maven.apache.org/surefire/maven-surefire-plugin/xsd/surefire-test-report-3.0.xsd" version="3.0" name="com.seuprojeto.locadora.ui.ValidadorEntradaTest" time="0.309" tests="12" errors="0" skipped="0" failures="0">
  <properties>
    <property name="java.specification.version" value="21"/>
    <property name="sun.cpu.isalist" value="amd64"/>
    <property name="sun.jnu.encoding" value="Cp1252"/>
    <property name="java.class.path" value="C:\Users\Yan\locadora-filmes\target\test-classes;C:\Users\Yan\locadora-filmes\target\classes;C:\Users\Yan\.m2\repository\org\xerial\sqlite-jdbc\3.41.2.1\sqlite-jdbc-3.41.2.1.jar;C:\Users\Yan\.m2\repository\org\junit\jupiter\junit-jupiter-api\5.10.0\junit-jupiter-api-5.10.0.jar;C:\Users\Yan\.m2\repository\org\opentest4j\opentest4j\1.3.0\opentest4j-1.3.0.jar;C:\Users\Yan\.m2\repository\org\junit\platform\junit-platform-commons\1.10.0\junit-platform-commons-1.10.0.jar;C:\Users\Yan\.m2\repository\org\apiguardian\apiguardian-api\1.1.2\apiguardian-api-1.1.2.jar;C:\Users\Yan\.m2\repository\org\junit\jupiter\junit-jupiter-engine\5.10.0\junit-jupiter-engine-5.10.0.jar;C:\Users\Yan\.m2\repository\org\junit\platform\junit-platform-engine\1.10.0\junit-platform-engine-1.10.0.jar;C:\Users\Yan\.m2\repository\org\mockito\mockito-core\5.4.0\mockito-core-5.4.0.jar;C:\Users\Yan\.m2\repository\net\bytebuddy\byte-buddy\1.14.5\byte-buddy-1.14.5.jar;C:\Users\Yan\.m2\repository\net\bytebuddy\byte-buddy-agent\1.14.5\byte-buddy-agent-1.14.5.jar;C:\Users\Yan\.m2\repository\org\objenesis\objenesis\3.3\objenesis-3.3.jar;C:\Users\Yan\.m2\repository\org\mockito\mockito-junit-jupiter\5.4.0\mockito-junit-jupiter-5.4.0.jar;"/>
    <property name="java.vm.vendor" value="Azul Systems, Inc."/>
    <property name="sun.arch.data.model" value="64"/>
    <property name="user.variant" value=""/>
    <property name="java.vendor.url" value="http://www.azul.com/"/>
    <property name="user.timezone" value="America/Sao_Paulo"/>
    <property name="os.name" value="Windows 11"/>
    <property name="java.vm.specification.version" value="21"/>
    <property name="sun.java.launcher" value="SUN_STANDARD"/>
    <property name="user.country" value="BR"/>
    <property name="sun.boot.library.path" value="C:\Program Files\Java\zulu21.38.21-ca-jdk21.0.5-win_x64\bin"/>
    <property name="sun.java.command" value="C:\Users\Yan\AppData\Local\Temp\surefire6044581482979523175\surefirebooter-20250531150920072_3.jar C:\Users\Yan\AppData\Local\Temp\surefire6044581482979523175 2025-05-31T15-09-19_848-jvmRun1 surefire-20250531150920072_1tmp surefire_0-20250531150920072_2tmp"/>
    <property name="jdk.debug" value="release"/>
    <property name="surefire.test.class.path" value="C:\Users\Yan\locadora-filmes\target\test-classes;C:\Users\Yan\locadora-filmes\target\classes;C:\Users\Yan\.m2\repository\org\xerial\sqlite-jdbc\3.41.2.1\sqlite-jdbc-3.41.2.1.jar;C:\Users\Yan\.m2\repository\org\junit\jupiter\junit-jupiter-api\5.10.0\junit-jupiter-api-5.10.0.jar;C:\Users\Yan\.m2\repository\org\opentest4j\opentest4j\1.3.0\opentest4j-1.3.0.jar;C:\Users\Yan\.m2\repository\org\junit\platform\junit-platform-commons\1.10.0\junit-platform-commons-1.10.0.jar;C:\Users\Yan\.m2\repository\org\apiguardian\apiguardian-api\1.1.2\apiguardian-api-1.1.2.jar;C:\Users\Yan\.m2\repository\org\junit\jupiter\junit-jupiter-engine\5.10.0\junit-jupiter-engine-5.10.0.jar;C:\Users\Yan\.m2\repository\org\junit\platform\junit-platform-engine\1.10.0\junit-platform-engine-1.10.0.jar;C:\Users\Yan\.m2\repository\org\mockito\mockito-core\5.4.0\mockito-core-5.4.0.jar;C:\Users\Yan\.m2\repository\net\bytebuddy\byte-buddy\1.14.5\byte-buddy-1.14.5.jar;C:\Users\Yan\.m2\repository\net\bytebuddy\byte-buddy-agent\1.14.5\byte-buddy-agent-1.14.5.jar;C:\Users\Yan\.m2\repository\org\objenesis\objenesis\3.3\objenesis-3.3.jar;C:\Users\Yan\.m2\repository\org\mockito\mockito-junit-jupiter\5.4.0\mockito-junit-jupiter-5.4.0.jar;"/>
    <property name="sun.cpu.endian" value="little"/>
    <property name="user.home" value="C:\Users\Yan"/>
    <property name="user.language" value="pt"/>
    <property name="java.specification.vendor" value="Oracle Corporation"/>
    <property name="java.version.date" value="2024-10-15"/>
    <property name="java.home" value="C:\Program Files\Java\zulu21.38.21-ca-jdk21.0.5-win_x64"/>
    <property name="file.separator" value="\"/>
    <property name="basedir" value="C:\Users\Yan\locadora-filmes"/>
    <property name="java.vm.compressedOopsMode" value="32-bit"/>
    <property name="line.separator" value="&#10;"/>
    <property name="java.vm.specification.vendor" value="Oracle Corporation"/>
    <property name="java.specification.name" value="Java Platform API Specification"/>
    <property name="surefire.real.class.path" value="C:\Users\Yan\AppData\Local\Temp\surefire6044581482979523175\surefirebooter-20250531150920072_3.jar"/>
    <property name="user.script" value=""/>
    <property name="sun.management.compiler" value="HotSpot 64-Bit Tiered Compilers"/>
    <property name="java.runtime.version" value="21.0.5+11-LTS"/>
    <property name="user.name" value="Leticia"/>
    <property name="stdout.encoding" value="Cp1252"/>
    <property name="path.separator" value=";"/>
    <property name="os.version" value="10.0"/>
    <property name="java.runtime.name" value="OpenJDK Runtime Environment"/>
    <property name="file.encoding" value="UTF-8"/>
    <property name="java.vm.name" value="OpenJDK 64-Bit Server VM"/>
    <property name="java.vendor.version" value="Zulu21.38+21-CA"/>
    <property name="localRepository" value="C:\Users\Yan\.m2\repository"/>
    <property name="java.vendor.url.bug" value="http://www.azul.com/support/"/>
    <property name="java.io.tmpdir" value="C:\Users\Yan\AppData\Local\Temp\"/>
    <property name="java.version" value="21.0.5"/>
    <property name="user.dir" value="C:\Users\Yan\locadora-filmes"/>
    <property name="os.arch" value="amd64"/>
    <property name="java.vm.specification.name" value="Java Virtual Machine Specification"/>
    <property name="sun.os.patch.level" value=""/>
    <property name="native.encoding" value="Cp1252"/>
    <property name="java.library.path" value="C:\Program Files\Java\zulu21.38.21-ca-jdk21.0.5-win_x64\bin;C:\WINDOWS\Sun\Java\bin;C:\WINDOWS\system32;C:\WINDOWS;C:\android\cmdline-tools\latest\bin;C:\android\platform-tools;C:\Python312\Scripts\;C:\Python312\;C:\Program Files\Java\zulu21.38.21-ca-jdk21.0.5-win_x64\bin;C:\WINDOWS\system32;C:\WINDOWS;C:\WINDOWS\System32\Wbem;C:\WINDOWS\System32\WindowsPowerShell\v1.0\;C:\WINDOWS\System32\OpenSSH\;C:\Program Files\nodejs\;C:\ProgramData\chocolatey\bin;C:\Program Files\Git\cmd;C:\Program Files\SQLITE;C:\Program Files\apache-maven-3.9.9\bin;C:\android\cmdline-tools\latest\bin;C:\android\platform-tools;C:\Python312\Scripts\;C:\Python312\;C:\Program Files\Java\zulu21.38.21-ca-jdk21.0.5-win_x64\bin;C:\WINDOWS\system32;C:\WINDOWS;C:\WINDOWS\System32\Wbem;C:\WINDOWS\System32\WindowsPowerShell\v1.0\;C:\WINDOWS\System32\OpenSSH\;C:\Program Files\nodejs\;C:\ProgramData\chocolatey\bin;C:\Program Files\Git\cmd;C:\Program Files\SQLITE;C:\Program Files\apache-maven-3.9.9\bin;;C:\android\platform-tools;C:\android\cmdline-tools\latest\bin;C:\Users\Yan\AppData\Local\Programs\Microsoft VS Code\bin;."/>
    <property name="java.vm.info" value="mixed mode, sharing"/>
    <property name="stderr.encoding" value="Cp1252"/>
    <property name="java.vendor" value="Azul Systems, Inc."/>
    <property name="java.vm.version" value="21.0.5+11-LTS"/>
    <property name="sun.io.unicode.encoding" value="UnicodeLittle"/>
    <property name="java.class.version" value="65.0"/>
  </properties>
  <testcase name="validarEntradaData_DeveAceitarDatasNosLimites" classname="com.seuprojeto.locadora.ui.ValidadorEntradaTest" time="0.01">
    <system-out><![CDATA[Digite data 1: Digite data 2: ]]></system-out>
  </testcase>
  <testcase name="validarEntradaTexto_DeveRejeitarEntradaVaziaEAceitarTexto" classname="com.seuprojeto.locadora.ui.ValidadorEntradaTest" time="0.003">
    <system-out><![CDATA[Digite algo: O campo é obrigatório. Por favor, insira um valor válido.
Digite algo: O campo é obrigatório. Por favor, insira um valor válido.
Digite algo: ]]></system-out>
  </testcase>
  <testcase name="validarAnoLancamento_DeveAceitarAnoDentroDoIntervalo" classname="com.seuprojeto.locadora.ui.ValidadorEntradaTest" time="0.005">
    <system-out><![CDATA[Digite ano: Ano fora do intervalo permitido (1900-2100). Por favor, insira um ano válido.
Digite ano: ]]></system-out>
  </testcase>
  <testcase name="validarEntradaData_DeveRejeitarFormatoIncorreto" classname="com.seuprojeto.locadora.ui.ValidadorEntradaTest" time="0.002">
    <system-out><![CDATA[Digite uma data: Ano fora do intervalo permitido (1900-2100). Por favor, insira uma data válida.
Digite uma data: ]]></system-out>
  </testcase>
  <testcase name="validarEntradaTexto_DeveRejeitarApenasEspacos" classname="com.seuprojeto.locadora.ui.ValidadorEntradaTest" time="0.003">
    <system-out><![CDATA[Digite algo: O campo é obrigatório. Por favor, insira um valor válido.
Digite algo: O campo é obrigatório. Por favor, insira um valor válido.
Digite algo: ]]></system-out>
  </testcase>
  <testcase name="testValidarEntradaTexto_comValorVazio_retornaValido" classname="com.seuprojeto.locadora.ui.ValidadorEntradaTest" time="0.241">
    <system-out><![CDATA[Mensagem: O campo é obrigatório. Por favor, insira um valor válido.
Mensagem: O campo é obrigatório. Por favor, insira um valor válido.
Mensagem: ]]></system-out>
  </testcase>
  <testcase name="validarEntradaNumerica_DeveRejeitarStringsAntesDoNumero" classname="com.seuprojeto.locadora.ui.ValidadorEntradaTest" time="0.002">
    <system-out><![CDATA[Digite um número: A entrada deve ser um número. Por favor, tente novamente.
Digite um número: A entrada deve ser um número. Por favor, tente novamente.
Digite um número: ]]></system-out>
  </testcase>
  <testcase name="validarEntradaNumerica_DeveAceitarApenasNumero" classname="com.seuprojeto.locadora.ui.ValidadorEntradaTest" time="0.001">
    <system-out><![CDATA[Digite um número: A entrada deve ser um número. Por favor, tente novamente.
Digite um número: ]]></system-out>
  </testcase>
  <testcase name="validarAnoLancamento_DeveRejeitarAnoInvalidoEEntradaTexto" classname="com.seuprojeto.locadora.ui.ValidadorEntradaTest" time="0.002">
    <system-out><![CDATA[Digite ano: Ano fora do intervalo permitido (1900-2100). Por favor, insira um ano válido.
Digite ano: A entrada deve ser um número. Por favor, tente novamente.
Digite ano: ]]></system-out>
  </testcase>
  <testcase name="validarEntradaNumerica_DeveAceitarNumeroNegativo" classname="com.seuprojeto.locadora.ui.ValidadorEntradaTest" time="0.003">
    <system-out><![CDATA[Digite um número: ]]></system-out>
  </testcase>
  <testcase name="testListarFilmes_mostraMensagemQuandoListaVazia" classname="com.seuprojeto.locadora.ui.ValidadorEntradaTest" time="0.016"/>
  <testcase name="validarEntradaData_DeveAceitarDataValida" classname="com.seuprojeto.locadora.ui.ValidadorEntradaTest" time="0.005"/>
</testsuite>