<?xml version="1.0" encoding="UTF-8"?>
<testsuite xmlns:xsi="http://www.w3.org/2001/XMLSchema-instance" xsi:noNamespaceSchemaLocation="https://maven.apache.org/surefire/maven-surefire-plugin/xsd/surefire-test-report-3.0.xsd" version="3.0" name="com.seuprojeto.locadora.service.ServiceTest" time="3.404" tests="26" errors="0" skipped="0" failures="0">
  <properties>
    <property name="java.specification.version" value="21"/>
    <property name="sun.cpu.isalist" value="amd64"/>
    <property name="sun.jnu.encoding" value="Cp1252"/>
    <property name="java.class.path" value="C:\Users\Yan\locadora-filmes\target\test-classes;C:\Users\Yan\locadora-filmes\target\classes;C:\Users\Yan\.m2\repository\org\xerial\sqlite-jdbc\3.41.2.1\sqlite-jdbc-3.41.2.1.jar;C:\Users\Yan\.m2\repository\org\junit\jupiter\junit-jupiter-api\5.10.0\junit-jupiter-api-5.10.0.jar;C:\Users\Yan\.m2\repository\org\opentest4j\opentest4j\1.3.0\opentest4j-1.3.0.jar;C:\Users\Yan\.m2\repository\org\junit\platform\junit-platform-commons\1.10.0\junit-platform-commons-1.10.0.jar;C:\Users\Yan\.m2\repository\org\apiguardian\apiguardian-api\1.1.2\apiguardian-api-1.1.2.jar;C:\Users\Yan\.m2\repository\org\junit\jupiter\junit-jupiter-engine\5.10.0\junit-jupiter-engine-5.10.0.jar;C:\Users\Yan\.m2\repository\org\junit\platform\junit-platform-engine\1.10.0\junit-platform-engine-1.10.0.jar;C:\Users\Yan\.m2\repository\org\mockito\mockito-core\5.4.0\mockito-core-5.4.0.jar;C:\Users\Yan\.m2\repository\net\bytebuddy\byte-buddy\1.14.5\byte-buddy-1.14.5.jar;C:\Users\Yan\.m2\repository\net\bytebuddy\byte-buddy-agent\1.14.5\byte-buddy-agent-1.14.5.jar;C:\Users\Yan\.m2\repository\org\objenesis\objenesis\3.3\objenesis-3.3.jar;C:\Users\Yan\.m2\repository\org\mockito\mockito-junit-jupiter\5.4.0\mockito-junit-jupiter-5.4.0.jar;"/>
    <property name="java.vm.vendor" value="Azul Systems, Inc."/>
    <property name="sun.arch.data.model" value="64"/>
    <property name="user.variant" value=""/>
    <property name="java.vendor.url" value="http://www.azul.com/"/>
    <property name="user.timezone" value="America/Sao_Paulo"/>
    <property name="os.name" value="Windows 11"/>
    <property name="java.vm.specification.version" value="21"/>
    <property name="sun.java.launcher" value="SUN_STANDARD"/>
    <property name="user.country" value="BR"/>
    <property name="sun.boot.library.path" value="C:\Program Files\Java\zulu21.38.21-ca-jdk21.0.5-win_x64\bin"/>
    <property name="sun.java.command" value="C:\Users\Yan\AppData\Local\Temp\surefire13850983262729670648\surefirebooter-20250531152336438_3.jar C:\Users\Yan\AppData\Local\Temp\surefire13850983262729670648 2025-05-31T15-23-36_243-jvmRun1 surefire-20250531152336438_1tmp surefire_0-20250531152336438_2tmp"/>
    <property name="jdk.debug" value="release"/>
    <property name="surefire.test.class.path" value="C:\Users\Yan\locadora-filmes\target\test-classes;C:\Users\Yan\locadora-filmes\target\classes;C:\Users\Yan\.m2\repository\org\xerial\sqlite-jdbc\3.41.2.1\sqlite-jdbc-3.41.2.1.jar;C:\Users\Yan\.m2\repository\org\junit\jupiter\junit-jupiter-api\5.10.0\junit-jupiter-api-5.10.0.jar;C:\Users\Yan\.m2\repository\org\opentest4j\opentest4j\1.3.0\opentest4j-1.3.0.jar;C:\Users\Yan\.m2\repository\org\junit\platform\junit-platform-commons\1.10.0\junit-platform-commons-1.10.0.jar;C:\Users\Yan\.m2\repository\org\apiguardian\apiguardian-api\1.1.2\apiguardian-api-1.1.2.jar;C:\Users\Yan\.m2\repository\org\junit\jupiter\junit-jupiter-engine\5.10.0\junit-jupiter-engine-5.10.0.jar;C:\Users\Yan\.m2\repository\org\junit\platform\junit-platform-engine\1.10.0\junit-platform-engine-1.10.0.jar;C:\Users\Yan\.m2\repository\org\mockito\mockito-core\5.4.0\mockito-core-5.4.0.jar;C:\Users\Yan\.m2\repository\net\bytebuddy\byte-buddy\1.14.5\byte-buddy-1.14.5.jar;C:\Users\Yan\.m2\repository\net\bytebuddy\byte-buddy-agent\1.14.5\byte-buddy-agent-1.14.5.jar;C:\Users\Yan\.m2\repository\org\objenesis\objenesis\3.3\objenesis-3.3.jar;C:\Users\Yan\.m2\repository\org\mockito\mockito-junit-jupiter\5.4.0\mockito-junit-jupiter-5.4.0.jar;"/>
    <property name="sun.cpu.endian" value="little"/>
    <property name="user.home" value="C:\Users\Yan"/>
    <property name="user.language" value="pt"/>
    <property name="java.specification.vendor" value="Oracle Corporation"/>
    <property name="java.version.date" value="2024-10-15"/>
    <property name="java.home" value="C:\Program Files\Java\zulu21.38.21-ca-jdk21.0.5-win_x64"/>
    <property name="file.separator" value="\"/>
    <property name="basedir" value="C:\Users\Yan\locadora-filmes"/>
    <property name="java.vm.compressedOopsMode" value="32-bit"/>
    <property name="line.separator" value="&#10;"/>
    <property name="java.vm.specification.vendor" value="Oracle Corporation"/>
    <property name="java.specification.name" value="Java Platform API Specification"/>
    <property name="surefire.real.class.path" value="C:\Users\Yan\AppData\Local\Temp\surefire13850983262729670648\surefirebooter-20250531152336438_3.jar"/>
    <property name="user.script" value=""/>
    <property name="sun.management.compiler" value="HotSpot 64-Bit Tiered Compilers"/>
    <property name="java.runtime.version" value="21.0.5+11-LTS"/>
    <property name="user.name" value="Leticia"/>
    <property name="stdout.encoding" value="Cp1252"/>
    <property name="path.separator" value=";"/>
    <property name="os.version" value="10.0"/>
    <property name="java.runtime.name" value="OpenJDK Runtime Environment"/>
    <property name="file.encoding" value="UTF-8"/>
    <property name="java.vm.name" value="OpenJDK 64-Bit Server VM"/>
    <property name="java.vendor.version" value="Zulu21.38+21-CA"/>
    <property name="localRepository" value="C:\Users\Yan\.m2\repository"/>
    <property name="java.vendor.url.bug" value="http://www.azul.com/support/"/>
    <property name="java.io.tmpdir" value="C:\Users\Yan\AppData\Local\Temp\"/>
    <property name="java.version" value="21.0.5"/>
    <property name="user.dir" value="C:\Users\Yan\locadora-filmes"/>
    <property name="os.arch" value="amd64"/>
    <property name="java.vm.specification.name" value="Java Virtual Machine Specification"/>
    <property name="sun.os.patch.level" value=""/>
    <property name="native.encoding" value="Cp1252"/>
    <property name="java.library.path" value="C:\Program Files\Java\zulu21.38.21-ca-jdk21.0.5-win_x64\bin;C:\WINDOWS\Sun\Java\bin;C:\WINDOWS\system32;C:\WINDOWS;C:\android\cmdline-tools\latest\bin;C:\android\platform-tools;C:\Python312\Scripts\;C:\Python312\;C:\Program Files\Java\zulu21.38.21-ca-jdk21.0.5-win_x64\bin;C:\WINDOWS\system32;C:\WINDOWS;C:\WINDOWS\System32\Wbem;C:\WINDOWS\System32\WindowsPowerShell\v1.0\;C:\WINDOWS\System32\OpenSSH\;C:\Program Files\nodejs\;C:\ProgramData\chocolatey\bin;C:\Program Files\Git\cmd;C:\Program Files\SQLITE;C:\Program Files\apache-maven-3.9.9\bin;C:\android\cmdline-tools\latest\bin;C:\android\platform-tools;C:\Python312\Scripts\;C:\Python312\;C:\Program Files\Java\zulu21.38.21-ca-jdk21.0.5-win_x64\bin;C:\WINDOWS\system32;C:\WINDOWS;C:\WINDOWS\System32\Wbem;C:\WINDOWS\System32\WindowsPowerShell\v1.0\;C:\WINDOWS\System32\OpenSSH\;C:\Program Files\nodejs\;C:\ProgramData\chocolatey\bin;C:\Program Files\Git\cmd;C:\Program Files\SQLITE;C:\Program Files\apache-maven-3.9.9\bin;;C:\android\platform-tools;C:\android\cmdline-tools\latest\bin;C:\Users\Yan\AppData\Local\Programs\Microsoft VS Code\bin;."/>
    <property name="java.vm.info" value="mixed mode, sharing"/>
    <property name="stderr.encoding" value="Cp1252"/>
    <property name="java.vendor" value="Azul Systems, Inc."/>
    <property name="java.vm.version" value="21.0.5+11-LTS"/>
    <property name="sun.io.unicode.encoding" value="UnicodeLittle"/>
    <property name="java.class.version" value="65.0"/>
  </properties>
  <testcase name="testEnviarNotificacaoAtraso" classname="com.seuprojeto.locadora.service.ServiceTest" time="2.076">
    <system-out><![CDATA[Notificação para cliente João: Você possui locações atrasadas. Por favor, regularize.
]]></system-out>
    <system-err><![CDATA[WARNING: A Java agent has been loaded dynamically (C:\Users\Yan\.m2\repository\net\bytebuddy\byte-buddy-agent\1.14.5\byte-buddy-agent-1.14.5.jar)
WARNING: If a serviceability tool is in use, please run with -XX:+EnableDynamicAgentLoading to hide this warning
WARNING: If a serviceability tool is not in use, please run with -Djdk.instrument.traceUsage for more information
WARNING: Dynamic loading of agents will be disallowed by default in a future release
]]></system-err>
  </testcase>
  <testcase name="testEnviarAvisoFuncionario" classname="com.seuprojeto.locadora.service.ServiceTest" time="0.031">
    <system-out><![CDATA[Aviso para funcionários: Aviso importante
]]></system-out>
  </testcase>
  <testcase name="testRegistrarDevolucao_sucesso" classname="com.seuprojeto.locadora.service.ServiceTest" time="0.148"/>
  <testcase name="testRealizarLocacao_filmeNaoEncontrado" classname="com.seuprojeto.locadora.service.ServiceTest" time="0.024"/>
  <testcase name="testListarClientes" classname="com.seuprojeto.locadora.service.ServiceTest" time="0.067"/>
  <testcase name="testBuscarFilmePorIdExistente" classname="com.seuprojeto.locadora.service.ServiceTest" time="0.034"/>
  <testcase name="testFilmesMaisAlugados" classname="com.seuprojeto.locadora.service.ServiceTest" time="0.036"/>
  <testcase name="testCadastrarEListarFilme" classname="com.seuprojeto.locadora.service.ServiceTest" time="0.029"/>
  <testcase name="testBuscarFilmePorIdInexistente" classname="com.seuprojeto.locadora.service.ServiceTest" time="0.024"/>
  <testcase name="testRegistrarDevolucaoLocacaoInexistente" classname="com.seuprojeto.locadora.service.ServiceTest" time="0.029"/>
  <testcase name="testListarLocacoes" classname="com.seuprojeto.locadora.service.ServiceTest" time="0.062"/>
  <testcase name="testCadastrarFilme" classname="com.seuprojeto.locadora.service.ServiceTest" time="0.021"/>
  <testcase name="testRealizarLocacaoClienteInexistente" classname="com.seuprojeto.locadora.service.ServiceTest" time="0.031"/>
  <testcase name="testRealizarLocacao_filmeIndisponivel" classname="com.seuprojeto.locadora.service.ServiceTest" time="0.036"/>
  <testcase name="testRealizarLocacao_sucesso" classname="com.seuprojeto.locadora.service.ServiceTest" time="0.036"/>
  <testcase name="testRegistrarDevolucao_locacaoNaoEncontrada" classname="com.seuprojeto.locadora.service.ServiceTest" time="0.036"/>
  <testcase name="testGerarRelatorioPorPeriodo" classname="com.seuprojeto.locadora.service.ServiceTest" time="0.032"/>
  <testcase name="testRealizarLocacaoERegistrarDevolucao" classname="com.seuprojeto.locadora.service.ServiceTest" time="0.092"/>
  <testcase name="testListarFilmesDisponiveis" classname="com.seuprojeto.locadora.service.ServiceTest" time="0.027"/>
  <testcase name="testEnviarNotificacaoPromocao" classname="com.seuprojeto.locadora.service.ServiceTest" time="0.023">
    <system-out><![CDATA[Notificação para cliente Maria: Promoção especial! Promoção 50% OFF
]]></system-out>
  </testcase>
  <testcase name="testCadastrarClienteSemEndereco" classname="com.seuprojeto.locadora.service.ServiceTest" time="0.031"/>
  <testcase name="testRealizarLocacaoFilmeSemEstoque" classname="com.seuprojeto.locadora.service.ServiceTest" time="0.039"/>
  <testcase name="testRealizarLocacaoFilmeInexistente" classname="com.seuprojeto.locadora.service.ServiceTest" time="0.024"/>
  <testcase name="testDeletarFilme" classname="com.seuprojeto.locadora.service.ServiceTest" time="0.025"/>
  <testcase name="testCadastrarEBuscarCliente" classname="com.seuprojeto.locadora.service.ServiceTest" time="0.02"/>
  <testcase name="testAtualizarFilme" classname="com.seuprojeto.locadora.service.ServiceTest" time="0.023"/>
</testsuite>